F:\Projects\deeplearning\cuda-convnet-L2\cuda-convnet\./pyconvnet.pyd
F:\Projects\deeplearning\cuda-convnet-L2\cuda-convnet\pyconvnet.exp
F:\Projects\deeplearning\cuda-convnet-L2\cuda-convnet\pyconvnet.lib
F:\PROJECTS\DEEPLEARNING\CUDA-CONVNET-L2\CUDA-CONVNET\PYCONVNET.PYD
F:\Projects\deeplearning\cuda-convnet-L2\cuda-convnet\x64\Release\cl.command.1.tlog
F:\Projects\deeplearning\cuda-convnet-L2\cuda-convnet\x64\Release\CL.read.1.tlog
F:\Projects\deeplearning\cuda-convnet-L2\cuda-convnet\x64\Release\CL.write.1.tlog
F:\Projects\deeplearning\cuda-convnet-L2\cuda-convnet\x64\Release\conv_util.cu.cache
F:\Projects\deeplearning\cuda-convnet-L2\cuda-convnet\x64\Release\conv_util.cu.obj
F:\Projects\deeplearning\cuda-convnet-L2\cuda-convnet\x64\Release\convnet.cu.cache
F:\Projects\deeplearning\cuda-convnet-L2\cuda-convnet\x64\Release\convnet.cu.obj
F:\Projects\deeplearning\cuda-convnet-L2\cuda-convnet\x64\Release\cost.cu.cache
F:\Projects\deeplearning\cuda-convnet-L2\cuda-convnet\x64\Release\cost.cu.obj
F:\Projects\deeplearning\cuda-convnet-L2\cuda-convnet\x64\Release\data.cu.cache
F:\Projects\deeplearning\cuda-convnet-L2\cuda-convnet\x64\Release\data.cu.obj
F:\Projects\deeplearning\cuda-convnet-L2\cuda-convnet\x64\Release\filter_acts.cu.cache
F:\Projects\deeplearning\cuda-convnet-L2\cuda-convnet\x64\Release\filter_acts.cu.obj
F:\Projects\deeplearning\cuda-convnet-L2\cuda-convnet\x64\Release\img_acts.cu.cache
F:\Projects\deeplearning\cuda-convnet-L2\cuda-convnet\x64\Release\img_acts.cu.obj
F:\Projects\deeplearning\cuda-convnet-L2\cuda-convnet\x64\Release\layer.cu.cache
F:\Projects\deeplearning\cuda-convnet-L2\cuda-convnet\x64\Release\layer.cu.obj
F:\Projects\deeplearning\cuda-convnet-L2\cuda-convnet\x64\Release\layer_kernels.cu.cache
F:\Projects\deeplearning\cuda-convnet-L2\cuda-convnet\x64\Release\layer_kernels.cu.obj
F:\Projects\deeplearning\cuda-convnet-L2\cuda-convnet\x64\Release\link.command.1.tlog
F:\Projects\deeplearning\cuda-convnet-L2\cuda-convnet\x64\Release\link.read.1.tlog
F:\Projects\deeplearning\cuda-convnet-L2\cuda-convnet\x64\Release\link.write.1.tlog
F:\PROJECTS\DEEPLEARNING\CUDA-CONVNET-L2\CUDA-CONVNET\X64\RELEASE\MATRIX.OBJ
F:\Projects\deeplearning\cuda-convnet-L2\cuda-convnet\x64\Release\mt.command.1.tlog
F:\Projects\deeplearning\cuda-convnet-L2\cuda-convnet\x64\Release\mt.read.1.tlog
F:\Projects\deeplearning\cuda-convnet-L2\cuda-convnet\x64\Release\mt.write.1.tlog
F:\Projects\deeplearning\cuda-convnet-L2\cuda-convnet\x64\Release\neuron.cu.cache
F:\Projects\deeplearning\cuda-convnet-L2\cuda-convnet\x64\Release\neuron.cu.obj
F:\Projects\deeplearning\cuda-convnet-L2\cuda-convnet\x64\Release\nvmatrix.cu.cache
F:\Projects\deeplearning\cuda-convnet-L2\cuda-convnet\x64\Release\nvmatrix.cu.obj
F:\Projects\deeplearning\cuda-convnet-L2\cuda-convnet\x64\Release\nvmatrix_kernels.cu.cache
F:\Projects\deeplearning\cuda-convnet-L2\cuda-convnet\x64\Release\nvmatrix_kernels.cu.obj
F:\Projects\deeplearning\cuda-convnet-L2\cuda-convnet\x64\Release\pyconvnet.cu.cache
F:\Projects\deeplearning\cuda-convnet-L2\cuda-convnet\x64\Release\pyconvnet.cu.obj
F:\PROJECTS\DEEPLEARNING\CUDA-CONVNET-L2\CUDA-CONVNET\X64\RELEASE\PYCONVNET.PYD.INTERMEDIATE.MANIFEST
F:\Projects\deeplearning\cuda-convnet-L2\cuda-convnet\x64\Release\pyconvnet.vcxprojResolveAssemblyReference.cache
F:\Projects\deeplearning\cuda-convnet-L2\cuda-convnet\x64\Release\pyconvnet.write.1.tlog
F:\Projects\deeplearning\cuda-convnet-L2\cuda-convnet\x64\Release\util.cu.cache
F:\Projects\deeplearning\cuda-convnet-L2\cuda-convnet\x64\Release\util.cu.obj
F:\PROJECTS\DEEPLEARNING\CUDA-CONVNET-L2\CUDA-CONVNET\X64\RELEASE\VC100.PDB
F:\Projects\deeplearning\cuda-convnet-L2\cuda-convnet\x64\Release\weight_acts.cu.cache
F:\Projects\deeplearning\cuda-convnet-L2\cuda-convnet\x64\Release\weight_acts.cu.obj
F:\Projects\deeplearning\cuda-convnet-L2\cuda-convnet\x64\Release\weights.cu.cache
F:\Projects\deeplearning\cuda-convnet-L2\cuda-convnet\x64\Release\weights.cu.obj
F:\Projects\deeplearning\cuda-convnet-L2\cuda-convnet\x64\Release\worker.cu.cache
F:\Projects\deeplearning\cuda-convnet-L2\cuda-convnet\x64\Release\worker.cu.obj
