./pyconvnet.ilk
./pyconvnet.pdb
F:\Projects\deeplearning\cuda-convnet\./pyconvnet.pyd
F:\Projects\deeplearning\cuda-convnet\pyconvnet.exp
F:\PROJECTS\DEEPLEARNING\CUDA-CONVNET\PYCONVNET.ILK
F:\Projects\deeplearning\cuda-convnet\pyconvnet.lib
F:\PROJECTS\DEEPLEARNING\CUDA-CONVNET\PYCONVNET.PDB
F:\PROJECTS\DEEPLEARNING\CUDA-CONVNET\PYCONVNET.PYD
F:\Projects\deeplearning\cuda-convnet\x64\Debug\cl.command.1.tlog
F:\Projects\deeplearning\cuda-convnet\x64\Debug\CL.read.1.tlog
F:\Projects\deeplearning\cuda-convnet\x64\Debug\CL.write.1.tlog
F:\Projects\deeplearning\cuda-convnet\x64\Debug\conv_util.cu.cache
F:\Projects\deeplearning\cuda-convnet\x64\Debug\conv_util.cu.obj
F:\Projects\deeplearning\cuda-convnet\x64\Debug\convnet.cu.cache
F:\Projects\deeplearning\cuda-convnet\x64\Debug\convnet.cu.obj
F:\Projects\deeplearning\cuda-convnet\x64\Debug\cost.cu.cache
F:\Projects\deeplearning\cuda-convnet\x64\Debug\cost.cu.obj
F:\Projects\deeplearning\cuda-convnet\x64\Debug\data.cu.cache
F:\Projects\deeplearning\cuda-convnet\x64\Debug\data.cu.obj
F:\Projects\deeplearning\cuda-convnet\x64\Debug\filter_acts.cu.cache
F:\Projects\deeplearning\cuda-convnet\x64\Debug\filter_acts.cu.obj
F:\Projects\deeplearning\cuda-convnet\x64\Debug\img_acts.cu.cache
F:\Projects\deeplearning\cuda-convnet\x64\Debug\img_acts.cu.obj
F:\Projects\deeplearning\cuda-convnet\x64\Debug\layer.cu.cache
F:\Projects\deeplearning\cuda-convnet\x64\Debug\layer.cu.obj
F:\Projects\deeplearning\cuda-convnet\x64\Debug\layer_kernels.cu.cache
F:\Projects\deeplearning\cuda-convnet\x64\Debug\layer_kernels.cu.obj
F:\Projects\deeplearning\cuda-convnet\x64\Debug\link.1836.read.1.tlog
F:\Projects\deeplearning\cuda-convnet\x64\Debug\link.1836.write.1.tlog
F:\Projects\deeplearning\cuda-convnet\x64\Debug\link.1836-cvtres.read.1.tlog
F:\Projects\deeplearning\cuda-convnet\x64\Debug\link.1836-cvtres.write.1.tlog
F:\Projects\deeplearning\cuda-convnet\x64\Debug\link.6160.read.1.tlog
F:\Projects\deeplearning\cuda-convnet\x64\Debug\link.6160.write.1.tlog
F:\Projects\deeplearning\cuda-convnet\x64\Debug\link.6160-cvtres.read.1.tlog
F:\Projects\deeplearning\cuda-convnet\x64\Debug\link.6160-cvtres.write.1.tlog
F:\Projects\deeplearning\cuda-convnet\x64\Debug\link.command.1.tlog
F:\Projects\deeplearning\cuda-convnet\x64\Debug\link.read.1.tlog
F:\Projects\deeplearning\cuda-convnet\x64\Debug\link.write.1.tlog
F:\Projects\deeplearning\cuda-convnet\x64\Debug\link-cvtres.read.1.tlog
F:\Projects\deeplearning\cuda-convnet\x64\Debug\link-cvtres.write.1.tlog
F:\PROJECTS\DEEPLEARNING\CUDA-CONVNET\X64\DEBUG\MATRIX.OBJ
F:\Projects\deeplearning\cuda-convnet\x64\Debug\mt.command.1.tlog
F:\Projects\deeplearning\cuda-convnet\x64\Debug\mt.read.1.tlog
F:\Projects\deeplearning\cuda-convnet\x64\Debug\mt.write.1.tlog
F:\Projects\deeplearning\cuda-convnet\x64\Debug\neuron.cu.cache
F:\Projects\deeplearning\cuda-convnet\x64\Debug\neuron.cu.obj
F:\Projects\deeplearning\cuda-convnet\x64\Debug\nvmatrix.cu.cache
F:\Projects\deeplearning\cuda-convnet\x64\Debug\nvmatrix.cu.obj
F:\Projects\deeplearning\cuda-convnet\x64\Debug\nvmatrix_kernels.cu.cache
F:\Projects\deeplearning\cuda-convnet\x64\Debug\nvmatrix_kernels.cu.obj
F:\Projects\deeplearning\cuda-convnet\x64\Debug\pyconvnet.cu.cache
F:\Projects\deeplearning\cuda-convnet\x64\Debug\pyconvnet.cu.obj
F:\PROJECTS\DEEPLEARNING\CUDA-CONVNET\X64\DEBUG\PYCONVNET.PYD.EMBED.MANIFEST
F:\PROJECTS\DEEPLEARNING\CUDA-CONVNET\X64\DEBUG\PYCONVNET.PYD.EMBED.MANIFEST.RES
F:\PROJECTS\DEEPLEARNING\CUDA-CONVNET\X64\DEBUG\PYCONVNET.PYD.INTERMEDIATE.MANIFEST
F:\Projects\deeplearning\cuda-convnet\x64\Debug\pyconvnet.vcxprojResolveAssemblyReference.cache
F:\Projects\deeplearning\cuda-convnet\x64\Debug\pyconvnet.write.1.tlog
F:\Projects\deeplearning\cuda-convnet\x64\Debug\pyconvnet_manifest.rc
F:\Projects\deeplearning\cuda-convnet\x64\Debug\rc.command.1.tlog
F:\Projects\deeplearning\cuda-convnet\x64\Debug\rc.read.1.tlog
F:\Projects\deeplearning\cuda-convnet\x64\Debug\rc.write.1.tlog
F:\Projects\deeplearning\cuda-convnet\x64\Debug\util.cu.cache
F:\Projects\deeplearning\cuda-convnet\x64\Debug\util.cu.obj
F:\Projects\deeplearning\cuda-convnet\x64\Debug\vc100.idb
F:\PROJECTS\DEEPLEARNING\CUDA-CONVNET\X64\DEBUG\VC100.PDB
F:\Projects\deeplearning\cuda-convnet\x64\Debug\weight_acts.cu.cache
F:\Projects\deeplearning\cuda-convnet\x64\Debug\weight_acts.cu.obj
F:\Projects\deeplearning\cuda-convnet\x64\Debug\weights.cu.cache
F:\Projects\deeplearning\cuda-convnet\x64\Debug\weights.cu.obj
F:\Projects\deeplearning\cuda-convnet\x64\Debug\worker.cu.cache
F:\Projects\deeplearning\cuda-convnet\x64\Debug\worker.cu.obj
